<![LOG[Service startup system task]LOG]!><time="08:52:46.657+240" date="07-14-2021" component="UpdatesDeploymentAgent" context="" type="1" thread="10472" file="systemtasks.cpp:31">
<![LOG[Software Updates client configuration policy has not been received.]LOG]!><time="08:52:46.695+240" date="07-14-2021" component="UpdatesDeploymentAgent" context="" type="1" thread="10472" file="updatesconfig.cpp:437">
<![LOG[Software updates functionality will not be enabled until the configuration policy has been received. If this issue persists please check client/server policy communication.]LOG]!><time="08:52:46.695+240" date="07-14-2021" component="UpdatesDeploymentAgent" context="" type="1" thread="10472" file="updatesconfig.cpp:438">
<![LOG[Software Updates feature is disabled]LOG]!><time="08:52:46.703+240" date="07-14-2021" component="UpdatesDeploymentAgent" context="" type="1" thread="10472" file="cdeploymentagent.cpp:204">
<![LOG[No current service window available to run updates assignment with time required = 1]LOG]!><time="08:52:46.733+240" date="07-14-2021" component="UpdatesDeploymentAgent" context="" type="1" thread="10472" file="deploymentutils.cpp:681">
<![LOG[CTargetedUpdatesManager::RegPostRebootFullScan - Total Pending reboot updates = 0]LOG]!><time="08:52:46.772+240" date="07-14-2021" component="UpdatesDeploymentAgent" context="" type="1" thread="10472" file="updatesmanager.cpp:4016">
<![LOG[CTargetedUpdatesManager::RegPostRebootFullScan - IsReqPostRebootFullScan = 0]LOG]!><time="08:52:46.772+240" date="07-14-2021" component="UpdatesDeploymentAgent" context="" type="1" thread="10472" file="updatesmanager.cpp:4038">
<![LOG[No CCM Identification blob]LOG]!><time="08:52:46.778+240" date="07-14-2021" component="UpdatesDeploymentAgent" context="" type="2" thread="10472" file="clientstate.cpp:727">
<![LOG[CTargetedUpdatesManager::IsInServiceMode = 0 ]LOG]!><time="08:52:46.787+240" date="07-14-2021" component="UpdatesDeploymentAgent" context="" type="1" thread="10472" file="updatesmanager.cpp:596">
<![LOG[CTargetedUpdatesManager::DetectRebootPendingUpdates - Total Pending reboot updates = 0]LOG]!><time="08:52:46.787+240" date="07-14-2021" component="UpdatesDeploymentAgent" context="" type="1" thread="10472" file="updatesmanager.cpp:3976">
<![LOG[Schedule a CEvalO365ManagementTask to happen in 720 seconds and repeat every 24 hours]LOG]!><time="08:52:46.787+240" date="07-14-2021" component="UpdatesDeploymentAgent" context="" type="1" thread="10472" file="updatesmanager.cpp:681">
<![LOG[ReadTopO365UpdateIdFromReg - regKey not exists, return empty string.]LOG]!><time="08:52:46.787+240" date="07-14-2021" component="UpdatesDeploymentAgent" context="" type="1" thread="10472" file="updatesmanager.cpp:3474">
<![LOG[CUpdatesDeploymentAgent::GetIsThirdPartyUpdatesEnabled - Software Updates client configuration policy has not been received.]LOG]!><time="08:52:46.792+240" date="07-14-2021" component="UpdatesDeploymentAgent" context="" type="1" thread="10472" file="cdeploymentagent.cpp:1118">
<![LOG[CUpdatesDeploymentAgent::GetIsPendingCommit - regKey not exists, no update need commit.]LOG]!><time="08:52:46.792+240" date="07-14-2021" component="UpdatesDeploymentAgent" context="" type="1" thread="10472" file="cdeploymentagent.cpp:1366">
<![LOG[Startup task completed]LOG]!><time="08:52:46.792+240" date="07-14-2021" component="UpdatesDeploymentAgent" context="" type="1" thread="10472" file="cdeploymentagent.cpp:255">
<![LOG[COrphanedJobCleanupTask::Execute()]LOG]!><time="08:52:46.793+240" date="07-14-2021" component="UpdatesDeploymentAgent" context="" type="1" thread="3112" file="updatesmanager.cpp:6494">
<![LOG[User logon system task]LOG]!><time="08:52:51.336+240" date="07-14-2021" component="UpdatesDeploymentAgent" context="" type="1" thread="4664" file="systemtasks.cpp:95">
<![LOG[EnumerateUpdates for action (UpdateActionInstall) - Total actionable updates = 0]LOG]!><time="08:53:09.945+240" date="07-14-2021" component="UpdatesDeploymentAgent" context="" type="1" thread="6440" file="updatesmanager.cpp:1826">
<![LOG[Schedule a CEvalO365ManagementTask to happen in 30 seconds and repeat every 24 hours]LOG]!><time="08:53:19.598+240" date="07-14-2021" component="UpdatesDeploymentAgent" context="" type="1" thread="10928" file="updatesmanager.cpp:681">
<![LOG[Enabling software Updates feature]LOG]!><time="08:53:19.599+240" date="07-14-2021" component="UpdatesDeploymentAgent" context="" type="1" thread="10928" file="cdeploymentagent.cpp:1951">
<![LOG[Assignment {258F70CB-61C9-477F-AF99-A7BB5D92AFD4} has total CI = 13]LOG]!><time="08:53:19.671+240" date="07-14-2021" component="UpdatesDeploymentAgent" context="" type="1" thread="10928" file="updatesassignment.cpp:164">
<![LOG[GetUpdateInfo - failed to get targeted update, error = 0x87d00215.]LOG]!><time="08:53:19.672+240" date="07-14-2021" component="UpdatesDeploymentAgent" context="" type="3" thread="10928" file="updatesmanager.cpp:1348">
<![LOG[Detection job ({669AEBE2-ECBB-4BDE-A524-3015720E14AF}) started for assignment ({258F70CB-61C9-477F-AF99-A7BB5D92AFD4})]LOG]!><time="08:53:19.843+240" date="07-14-2021" component="UpdatesDeploymentAgent" context="" type="1" thread="10928" file="updatesassignment.cpp:1295">
<![LOG[Unable to find CCM_PrePostActions.SiteSettingsKey=1.]LOG]!><time="08:53:19.868+240" date="07-14-2021" component="UpdatesDeploymentAgent" context="" type="1" thread="10928" file="Orchestration.cpp:34">
<![LOG[Orchestration lock is not required.]LOG]!><time="08:53:19.868+240" date="07-14-2021" component="UpdatesDeploymentAgent" context="" type="1" thread="10928" file="Orchestration.cpp:53">
<![LOG[Started evaluation for assignment ({258F70CB-61C9-477F-AF99-A7BB5D92AFD4})]LOG]!><time="08:53:19.895+240" date="07-14-2021" component="UpdatesDeploymentAgent" context="" type="1" thread="10928" file="updatesassignment.cpp:850">
<![LOG[Evaluation initiated for (1) assignments.]LOG]!><time="08:53:19.895+240" date="07-14-2021" component="UpdatesDeploymentAgent" context="" type="1" thread="10928" file="assignmentsmanager.cpp:1213">
<![LOG[DetectJob completion received for assignment ({258F70CB-61C9-477F-AF99-A7BB5D92AFD4})]LOG]!><time="08:53:45.801+240" date="07-14-2021" component="UpdatesDeploymentAgent" context="" type="1" thread="3112" file="updatesassignment.cpp:2234">
<![LOG[Raising client SDK event for class CCM_SoftwareUpdate, instance CCM_SoftwareUpdate.UpdateID="Site_A70BBF1F-4768-4A41-AB5B-9ADBBBE009D0/SUM_d86df50b-5e72-477d-87b9-fe09ff87226d", actionType 12l, value NULL, user NULL, session 4294967295l, level 0l, verbosity 30l]LOG]!><time="08:53:45.843+240" date="07-14-2021" component="UpdatesDeploymentAgent" context="" type="1" thread="3112" file="Event.cpp:530">
<![LOG[Update (Site_A70BBF1F-4768-4A41-AB5B-9ADBBBE009D0/SUM_d86df50b-5e72-477d-87b9-fe09ff87226d) added to the targeted list of deployment ({258F70CB-61C9-477F-AF99-A7BB5D92AFD4})]LOG]!><time="08:53:45.859+240" date="07-14-2021" component="UpdatesDeploymentAgent" context="" type="1" thread="3112" file="updatesmanager.cpp:854">
<![LOG[Raising client SDK event for class CCM_SoftwareUpdate, instance CCM_SoftwareUpdate.UpdateID="Site_A70BBF1F-4768-4A41-AB5B-9ADBBBE009D0/SUM_3990a0c2-fa68-4d3a-abd2-9b0d9c68a472", actionType 12l, value NULL, user NULL, session 4294967295l, level 0l, verbosity 30l]LOG]!><time="08:53:45.953+240" date="07-14-2021" component="UpdatesDeploymentAgent" context="" type="1" thread="3112" file="Event.cpp:530">
<![LOG[Update (Site_A70BBF1F-4768-4A41-AB5B-9ADBBBE009D0/SUM_3990a0c2-fa68-4d3a-abd2-9b0d9c68a472) added to the targeted list of deployment ({258F70CB-61C9-477F-AF99-A7BB5D92AFD4})]LOG]!><time="08:53:45.964+240" date="07-14-2021" component="UpdatesDeploymentAgent" context="" type="1" thread="3112" file="updatesmanager.cpp:854">
<![LOG[Raising client SDK event for class CCM_SoftwareUpdate, instance CCM_SoftwareUpdate.UpdateID="Site_A70BBF1F-4768-4A41-AB5B-9ADBBBE009D0/SUM_b885d48a-be89-4b3b-9e02-66896c88b568", actionType 12l, value NULL, user NULL, session 4294967295l, level 0l, verbosity 30l]LOG]!><time="08:53:46.028+240" date="07-14-2021" component="UpdatesDeploymentAgent" context="" type="1" thread="3112" file="Event.cpp:530">
<![LOG[Update (Site_A70BBF1F-4768-4A41-AB5B-9ADBBBE009D0/SUM_b885d48a-be89-4b3b-9e02-66896c88b568) added to the targeted list of deployment ({258F70CB-61C9-477F-AF99-A7BB5D92AFD4})]LOG]!><time="08:53:46.065+240" date="07-14-2021" component="UpdatesDeploymentAgent" context="" type="1" thread="3112" file="updatesmanager.cpp:854">
<![LOG[Raising client SDK event for class CCM_SoftwareUpdate, instance CCM_SoftwareUpdate.UpdateID="Site_A70BBF1F-4768-4A41-AB5B-9ADBBBE009D0/SUM_89dd22e5-32f1-485b-a5b3-4bfb5b1a8706", actionType 12l, value NULL, user NULL, session 4294967295l, level 0l, verbosity 30l]LOG]!><time="08:53:46.173+240" date="07-14-2021" component="UpdatesDeploymentAgent" context="" type="1" thread="3112" file="Event.cpp:530">
<![LOG[Update (Site_A70BBF1F-4768-4A41-AB5B-9ADBBBE009D0/SUM_89dd22e5-32f1-485b-a5b3-4bfb5b1a8706) added to the targeted list of deployment ({258F70CB-61C9-477F-AF99-A7BB5D92AFD4})]LOG]!><time="08:53:46.182+240" date="07-14-2021" component="UpdatesDeploymentAgent" context="" type="1" thread="3112" file="updatesmanager.cpp:854">
<![LOG[Raising client SDK event for class CCM_SoftwareUpdate, instance CCM_SoftwareUpdate.UpdateID="Site_A70BBF1F-4768-4A41-AB5B-9ADBBBE009D0/SUM_e3b267da-2c82-45d1-a70a-32695a4a2c9d", actionType 12l, value NULL, user NULL, session 4294967295l, level 0l, verbosity 30l]LOG]!><time="08:53:46.265+240" date="07-14-2021" component="UpdatesDeploymentAgent" context="" type="1" thread="3112" file="Event.cpp:530">
<![LOG[Update (Site_A70BBF1F-4768-4A41-AB5B-9ADBBBE009D0/SUM_e3b267da-2c82-45d1-a70a-32695a4a2c9d) added to the targeted list of deployment ({258F70CB-61C9-477F-AF99-A7BB5D92AFD4})]LOG]!><time="08:53:46.275+240" date="07-14-2021" component="UpdatesDeploymentAgent" context="" type="1" thread="3112" file="updatesmanager.cpp:854">
<![LOG[Raising client SDK event for class CCM_SoftwareUpdate, instance CCM_SoftwareUpdate.UpdateID="Site_A70BBF1F-4768-4A41-AB5B-9ADBBBE009D0/SUM_11367b68-91e2-4efb-8e2e-abd9b063b689", actionType 12l, value NULL, user NULL, session 4294967295l, level 0l, verbosity 30l]LOG]!><time="08:53:46.349+240" date="07-14-2021" component="UpdatesDeploymentAgent" context="" type="1" thread="3112" file="Event.cpp:530">
<![LOG[Update (Site_A70BBF1F-4768-4A41-AB5B-9ADBBBE009D0/SUM_11367b68-91e2-4efb-8e2e-abd9b063b689) added to the targeted list of deployment ({258F70CB-61C9-477F-AF99-A7BB5D92AFD4})]LOG]!><time="08:53:46.367+240" date="07-14-2021" component="UpdatesDeploymentAgent" context="" type="1" thread="3112" file="updatesmanager.cpp:854">
<![LOG[Update (Site_A70BBF1F-4768-4A41-AB5B-9ADBBBE009D0/SUM_f00da434-23d9-429f-ad31-1bbc6e7b076d) added to the targeted list of deployment ({258F70CB-61C9-477F-AF99-A7BB5D92AFD4})]LOG]!><time="08:53:46.369+240" date="07-14-2021" component="UpdatesDeploymentAgent" context="" type="1" thread="3112" file="updatesmanager.cpp:854">
<![LOG[Raising client SDK event for class CCM_SoftwareUpdate, instance CCM_SoftwareUpdate.UpdateID="Site_A70BBF1F-4768-4A41-AB5B-9ADBBBE009D0/SUM_4b647633-7dac-443d-81b8-b590f2a6e7f6", actionType 12l, value NULL, user NULL, session 4294967295l, level 0l, verbosity 30l]LOG]!><time="08:53:46.443+240" date="07-14-2021" component="UpdatesDeploymentAgent" context="" type="1" thread="3112" file="Event.cpp:530">
<![LOG[Update (Site_A70BBF1F-4768-4A41-AB5B-9ADBBBE009D0/SUM_4b647633-7dac-443d-81b8-b590f2a6e7f6) added to the targeted list of deployment ({258F70CB-61C9-477F-AF99-A7BB5D92AFD4})]LOG]!><time="08:53:46.453+240" date="07-14-2021" component="UpdatesDeploymentAgent" context="" type="1" thread="3112" file="updatesmanager.cpp:854">
<![LOG[Update (Site_A70BBF1F-4768-4A41-AB5B-9ADBBBE009D0/SUM_04d7ef23-4f5f-48fb-bace-84b116741f7e) added to the targeted list of deployment ({258F70CB-61C9-477F-AF99-A7BB5D92AFD4})]LOG]!><time="08:53:46.457+240" date="07-14-2021" component="UpdatesDeploymentAgent" context="" type="1" thread="3112" file="updatesmanager.cpp:854">
<![LOG[Update (Site_A70BBF1F-4768-4A41-AB5B-9ADBBBE009D0/SUM_12dcb93c-7903-4b04-aa66-5ffc16156e15) added to the targeted list of deployment ({258F70CB-61C9-477F-AF99-A7BB5D92AFD4})]LOG]!><time="08:53:46.463+240" date="07-14-2021" component="UpdatesDeploymentAgent" context="" type="1" thread="3112" file="updatesmanager.cpp:854">
<![LOG[Raising client SDK event for class CCM_SoftwareUpdate, instance CCM_SoftwareUpdate.UpdateID="Site_A70BBF1F-4768-4A41-AB5B-9ADBBBE009D0/SUM_d4662e29-3a78-46f0-8119-26810c71bcb4", actionType 12l, value NULL, user NULL, session 4294967295l, level 0l, verbosity 30l]LOG]!><time="08:53:46.539+240" date="07-14-2021" component="UpdatesDeploymentAgent" context="" type="1" thread="3112" file="Event.cpp:530">
<![LOG[Update (Site_A70BBF1F-4768-4A41-AB5B-9ADBBBE009D0/SUM_d4662e29-3a78-46f0-8119-26810c71bcb4) added to the targeted list of deployment ({258F70CB-61C9-477F-AF99-A7BB5D92AFD4})]LOG]!><time="08:53:46.547+240" date="07-14-2021" component="UpdatesDeploymentAgent" context="" type="1" thread="3112" file="updatesmanager.cpp:854">
<![LOG[Raising client SDK event for class CCM_SoftwareUpdate, instance CCM_SoftwareUpdate.UpdateID="Site_A70BBF1F-4768-4A41-AB5B-9ADBBBE009D0/SUM_e210a780-fadb-472d-9338-4d3723c0abc4", actionType 12l, value NULL, user NULL, session 4294967295l, level 0l, verbosity 30l]LOG]!><time="08:53:46.618+240" date="07-14-2021" component="UpdatesDeploymentAgent" context="" type="1" thread="3112" file="Event.cpp:530">
<![LOG[Update (Site_A70BBF1F-4768-4A41-AB5B-9ADBBBE009D0/SUM_e210a780-fadb-472d-9338-4d3723c0abc4) added to the targeted list of deployment ({258F70CB-61C9-477F-AF99-A7BB5D92AFD4})]LOG]!><time="08:53:46.626+240" date="07-14-2021" component="UpdatesDeploymentAgent" context="" type="1" thread="3112" file="updatesmanager.cpp:854">
<![LOG[Raising client SDK event for class CCM_SoftwareUpdate, instance CCM_SoftwareUpdate.UpdateID="Site_A70BBF1F-4768-4A41-AB5B-9ADBBBE009D0/SUM_ba8ddbc3-c3ab-4162-bca2-fc160a87b1cb", actionType 12l, value NULL, user NULL, session 4294967295l, level 0l, verbosity 30l]LOG]!><time="08:53:46.699+240" date="07-14-2021" component="UpdatesDeploymentAgent" context="" type="1" thread="3112" file="Event.cpp:530">
<![LOG[Update (Site_A70BBF1F-4768-4A41-AB5B-9ADBBBE009D0/SUM_ba8ddbc3-c3ab-4162-bca2-fc160a87b1cb) added to the targeted list of deployment ({258F70CB-61C9-477F-AF99-A7BB5D92AFD4})]LOG]!><time="08:53:46.706+240" date="07-14-2021" component="UpdatesDeploymentAgent" context="" type="1" thread="3112" file="updatesmanager.cpp:854">
<![LOG[Unable to find CCM_PrePostActions.SiteSettingsKey=1.]LOG]!><time="08:53:46.711+240" date="07-14-2021" component="UpdatesDeploymentAgent" context="" type="1" thread="3112" file="Orchestration.cpp:34">
<![LOG[Orchestration lock is not required.]LOG]!><time="08:53:46.711+240" date="07-14-2021" component="UpdatesDeploymentAgent" context="" type="1" thread="3112" file="Orchestration.cpp:53">
<![LOG[Raised assignment (TopicID) ({258F70CB-61C9-477F-AF99-A7BB5D92AFD4}) state message successfully. TopicType = Evaluate, StateId = 2, StateName = ASSIGNMENT_EVALUATE_SUCCESS, StateCriticality = 0]LOG]!><time="08:53:46.725+240" date="07-14-2021" component="UpdatesDeploymentAgent" context="" type="1" thread="3112" file="updatesassignment.cpp:3635">
<![LOG[Raised assignment (TopicID) ({258F70CB-61C9-477F-AF99-A7BB5D92AFD4}) state message successfully. TopicType = Compliance, StateId = 1, Signature = e62f6ed8, IsCompliant = True]LOG]!><time="08:53:46.753+240" date="07-14-2021" component="UpdatesDeploymentAgent" context="" type="1" thread="3112" file="assignmentpolicy.cpp:1487">
<![LOG[CEvalO365ManagementTask::Execute()]LOG]!><time="08:53:49.599+240" date="07-14-2021" component="UpdatesDeploymentAgent" context="" type="1" thread="4664" file="updatesmanager.cpp:6461">
<![LOG[Message received: '<?xml version='1.0' ?><SoftwareUpdatesMessage MessageType='EvaluateAssignments'><UseCachedResults>False</UseCachedResults></SoftwareUpdatesMessage>']LOG]!><time="08:57:58.985+240" date="07-14-2021" component="UpdatesDeploymentAgent" context="" type="1" thread="6960" file="cdeploymentagent.cpp:340">
<![LOG[Removing scan history to force non cached results]LOG]!><time="08:57:58.985+240" date="07-14-2021" component="UpdatesDeploymentAgent" context="" type="1" thread="6960" file="assignmentsmanager.cpp:1327">
<![LOG[Cleanup regKey for post install eval.]LOG]!><time="08:57:58.998+240" date="07-14-2021" component="UpdatesDeploymentAgent" context="" type="1" thread="6960" file="updatesmanager.cpp:4489">
<![LOG[Assignment {258F70CB-61C9-477F-AF99-A7BB5D92AFD4} has total CI = 13]LOG]!><time="08:57:59.019+240" date="07-14-2021" component="UpdatesDeploymentAgent" context="" type="1" thread="6960" file="updatesassignment.cpp:164">
<![LOG[Detection job ({183EA069-FE59-48D6-834F-707D79EBADBC}) started for assignment ({258F70CB-61C9-477F-AF99-A7BB5D92AFD4})]LOG]!><time="08:57:59.038+240" date="07-14-2021" component="UpdatesDeploymentAgent" context="" type="1" thread="6960" file="updatesassignment.cpp:1295">
<![LOG[Unable to find CCM_PrePostActions.SiteSettingsKey=1.]LOG]!><time="08:57:59.043+240" date="07-14-2021" component="UpdatesDeploymentAgent" context="" type="1" thread="6960" file="Orchestration.cpp:34">
<![LOG[Orchestration lock is not required.]LOG]!><time="08:57:59.044+240" date="07-14-2021" component="UpdatesDeploymentAgent" context="" type="1" thread="6960" file="Orchestration.cpp:53">
<![LOG[Started evaluation for assignment ({258F70CB-61C9-477F-AF99-A7BB5D92AFD4})]LOG]!><time="08:57:59.048+240" date="07-14-2021" component="UpdatesDeploymentAgent" context="" type="1" thread="6960" file="updatesassignment.cpp:850">
<![LOG[Evaluation initiated for (1) assignments.]LOG]!><time="08:57:59.048+240" date="07-14-2021" component="UpdatesDeploymentAgent" context="" type="1" thread="6960" file="assignmentsmanager.cpp:1213">
<![LOG[DetectJob completion received for assignment ({258F70CB-61C9-477F-AF99-A7BB5D92AFD4})]LOG]!><time="08:58:01.559+240" date="07-14-2021" component="UpdatesDeploymentAgent" context="" type="1" thread="6960" file="updatesassignment.cpp:2234">
<![LOG[Update (Site_A70BBF1F-4768-4A41-AB5B-9ADBBBE009D0/SUM_d86df50b-5e72-477d-87b9-fe09ff87226d) added to the targeted list of deployment ({258F70CB-61C9-477F-AF99-A7BB5D92AFD4})]LOG]!><time="08:58:01.564+240" date="07-14-2021" component="UpdatesDeploymentAgent" context="" type="1" thread="6960" file="updatesmanager.cpp:854">
<![LOG[Update (Site_A70BBF1F-4768-4A41-AB5B-9ADBBBE009D0/SUM_3990a0c2-fa68-4d3a-abd2-9b0d9c68a472) added to the targeted list of deployment ({258F70CB-61C9-477F-AF99-A7BB5D92AFD4})]LOG]!><time="08:58:01.565+240" date="07-14-2021" component="UpdatesDeploymentAgent" context="" type="1" thread="6960" file="updatesmanager.cpp:854">
<![LOG[Update (Site_A70BBF1F-4768-4A41-AB5B-9ADBBBE009D0/SUM_b885d48a-be89-4b3b-9e02-66896c88b568) added to the targeted list of deployment ({258F70CB-61C9-477F-AF99-A7BB5D92AFD4})]LOG]!><time="08:58:01.567+240" date="07-14-2021" component="UpdatesDeploymentAgent" context="" type="1" thread="6960" file="updatesmanager.cpp:854">
<![LOG[Update (Site_A70BBF1F-4768-4A41-AB5B-9ADBBBE009D0/SUM_89dd22e5-32f1-485b-a5b3-4bfb5b1a8706) added to the targeted list of deployment ({258F70CB-61C9-477F-AF99-A7BB5D92AFD4})]LOG]!><time="08:58:01.569+240" date="07-14-2021" component="UpdatesDeploymentAgent" context="" type="1" thread="6960" file="updatesmanager.cpp:854">
<![LOG[Update (Site_A70BBF1F-4768-4A41-AB5B-9ADBBBE009D0/SUM_e3b267da-2c82-45d1-a70a-32695a4a2c9d) added to the targeted list of deployment ({258F70CB-61C9-477F-AF99-A7BB5D92AFD4})]LOG]!><time="08:58:01.571+240" date="07-14-2021" component="UpdatesDeploymentAgent" context="" type="1" thread="6960" file="updatesmanager.cpp:854">
<![LOG[Update (Site_A70BBF1F-4768-4A41-AB5B-9ADBBBE009D0/SUM_11367b68-91e2-4efb-8e2e-abd9b063b689) added to the targeted list of deployment ({258F70CB-61C9-477F-AF99-A7BB5D92AFD4})]LOG]!><time="08:58:01.573+240" date="07-14-2021" component="UpdatesDeploymentAgent" context="" type="1" thread="6960" file="updatesmanager.cpp:854">
<![LOG[Update (Site_A70BBF1F-4768-4A41-AB5B-9ADBBBE009D0/SUM_f00da434-23d9-429f-ad31-1bbc6e7b076d) added to the targeted list of deployment ({258F70CB-61C9-477F-AF99-A7BB5D92AFD4})]LOG]!><time="08:58:01.576+240" date="07-14-2021" component="UpdatesDeploymentAgent" context="" type="1" thread="6960" file="updatesmanager.cpp:854">
<![LOG[Update (Site_A70BBF1F-4768-4A41-AB5B-9ADBBBE009D0/SUM_4b647633-7dac-443d-81b8-b590f2a6e7f6) added to the targeted list of deployment ({258F70CB-61C9-477F-AF99-A7BB5D92AFD4})]LOG]!><time="08:58:01.578+240" date="07-14-2021" component="UpdatesDeploymentAgent" context="" type="1" thread="6960" file="updatesmanager.cpp:854">
<![LOG[Update (Site_A70BBF1F-4768-4A41-AB5B-9ADBBBE009D0/SUM_04d7ef23-4f5f-48fb-bace-84b116741f7e) added to the targeted list of deployment ({258F70CB-61C9-477F-AF99-A7BB5D92AFD4})]LOG]!><time="08:58:01.581+240" date="07-14-2021" component="UpdatesDeploymentAgent" context="" type="1" thread="6960" file="updatesmanager.cpp:854">
<![LOG[Update (Site_A70BBF1F-4768-4A41-AB5B-9ADBBBE009D0/SUM_12dcb93c-7903-4b04-aa66-5ffc16156e15) added to the targeted list of deployment ({258F70CB-61C9-477F-AF99-A7BB5D92AFD4})]LOG]!><time="08:58:01.583+240" date="07-14-2021" component="UpdatesDeploymentAgent" context="" type="1" thread="6960" file="updatesmanager.cpp:854">
<![LOG[Update (Site_A70BBF1F-4768-4A41-AB5B-9ADBBBE009D0/SUM_d4662e29-3a78-46f0-8119-26810c71bcb4) added to the targeted list of deployment ({258F70CB-61C9-477F-AF99-A7BB5D92AFD4})]LOG]!><time="08:58:01.585+240" date="07-14-2021" component="UpdatesDeploymentAgent" context="" type="1" thread="6960" file="updatesmanager.cpp:854">
<![LOG[Update (Site_A70BBF1F-4768-4A41-AB5B-9ADBBBE009D0/SUM_e210a780-fadb-472d-9338-4d3723c0abc4) added to the targeted list of deployment ({258F70CB-61C9-477F-AF99-A7BB5D92AFD4})]LOG]!><time="08:58:01.586+240" date="07-14-2021" component="UpdatesDeploymentAgent" context="" type="1" thread="6960" file="updatesmanager.cpp:854">
<![LOG[Update (Site_A70BBF1F-4768-4A41-AB5B-9ADBBBE009D0/SUM_ba8ddbc3-c3ab-4162-bca2-fc160a87b1cb) added to the targeted list of deployment ({258F70CB-61C9-477F-AF99-A7BB5D92AFD4})]LOG]!><time="08:58:01.588+240" date="07-14-2021" component="UpdatesDeploymentAgent" context="" type="1" thread="6960" file="updatesmanager.cpp:854">
<![LOG[Unable to find CCM_PrePostActions.SiteSettingsKey=1.]LOG]!><time="08:58:01.592+240" date="07-14-2021" component="UpdatesDeploymentAgent" context="" type="1" thread="6960" file="Orchestration.cpp:34">
<![LOG[Orchestration lock is not required.]LOG]!><time="08:58:01.592+240" date="07-14-2021" component="UpdatesDeploymentAgent" context="" type="1" thread="6960" file="Orchestration.cpp:53">
<![LOG[Raised assignment (TopicID) ({258F70CB-61C9-477F-AF99-A7BB5D92AFD4}) state message successfully. TopicType = Evaluate, StateId = 2, StateName = ASSIGNMENT_EVALUATE_SUCCESS, StateCriticality = 0]LOG]!><time="08:58:01.603+240" date="07-14-2021" component="UpdatesDeploymentAgent" context="" type="1" thread="6960" file="updatesassignment.cpp:3635">
<![LOG[Message received: '<?xml version='1.0' ?>
	<CIAssignmentMessage MessageType='Activation'>
	    <AssignmentID>{258F70CB-61C9-477F-AF99-A7BB5D92AFD4}</AssignmentID>
	</CIAssignmentMessage>']LOG]!><time="09:34:11.023+240" date="07-14-2021" component="UpdatesDeploymentAgent" context="" type="1" thread="7696" file="cdeploymentagent.cpp:340">
<![LOG[Assignment {258F70CB-61C9-477F-AF99-A7BB5D92AFD4} has total CI = 13]LOG]!><time="09:34:11.042+240" date="07-14-2021" component="UpdatesDeploymentAgent" context="" type="1" thread="7696" file="updatesassignment.cpp:164">
<![LOG[Assignment ({258F70CB-61C9-477F-AF99-A7BB5D92AFD4}) received activation trigger]LOG]!><time="09:34:11.043+240" date="07-14-2021" component="UpdatesDeploymentAgent" context="" type="1" thread="7696" file="updatesassignment.cpp:745">
<![LOG[Unable to find CCM_PrePostActions.SiteSettingsKey=1.]LOG]!><time="09:34:11.048+240" date="07-14-2021" component="UpdatesDeploymentAgent" context="" type="1" thread="7696" file="Orchestration.cpp:34">
<![LOG[Orchestration lock is not required.]LOG]!><time="09:34:11.048+240" date="07-14-2021" component="UpdatesDeploymentAgent" context="" type="1" thread="7696" file="Orchestration.cpp:53">
<![LOG[Detection job ({68DB1B60-BE06-4B2B-8E12-FEF84BAEE5D0}) started for assignment ({258F70CB-61C9-477F-AF99-A7BB5D92AFD4})]LOG]!><time="09:34:11.055+240" date="07-14-2021" component="UpdatesDeploymentAgent" context="" type="1" thread="7696" file="updatesassignment.cpp:1295">
<![LOG[Unable to find CCM_PrePostActions.SiteSettingsKey=1.]LOG]!><time="09:34:11.059+240" date="07-14-2021" component="UpdatesDeploymentAgent" context="" type="1" thread="7696" file="Orchestration.cpp:34">
<![LOG[Orchestration lock is not required.]LOG]!><time="09:34:11.060+240" date="07-14-2021" component="UpdatesDeploymentAgent" context="" type="1" thread="7696" file="Orchestration.cpp:53">
<![LOG[DetectJob completion received for assignment ({258F70CB-61C9-477F-AF99-A7BB5D92AFD4})]LOG]!><time="09:34:11.209+240" date="07-14-2021" component="UpdatesDeploymentAgent" context="" type="1" thread="3940" file="updatesassignment.cpp:2234">
<![LOG[Update (Site_A70BBF1F-4768-4A41-AB5B-9ADBBBE009D0/SUM_d86df50b-5e72-477d-87b9-fe09ff87226d) added to the targeted list of deployment ({258F70CB-61C9-477F-AF99-A7BB5D92AFD4})]LOG]!><time="09:34:11.214+240" date="07-14-2021" component="UpdatesDeploymentAgent" context="" type="1" thread="3940" file="updatesmanager.cpp:854">
<![LOG[Update (Site_A70BBF1F-4768-4A41-AB5B-9ADBBBE009D0/SUM_3990a0c2-fa68-4d3a-abd2-9b0d9c68a472) added to the targeted list of deployment ({258F70CB-61C9-477F-AF99-A7BB5D92AFD4})]LOG]!><time="09:34:11.216+240" date="07-14-2021" component="UpdatesDeploymentAgent" context="" type="1" thread="3940" file="updatesmanager.cpp:854">
<![LOG[Update (Site_A70BBF1F-4768-4A41-AB5B-9ADBBBE009D0/SUM_b885d48a-be89-4b3b-9e02-66896c88b568) added to the targeted list of deployment ({258F70CB-61C9-477F-AF99-A7BB5D92AFD4})]LOG]!><time="09:34:11.218+240" date="07-14-2021" component="UpdatesDeploymentAgent" context="" type="1" thread="3940" file="updatesmanager.cpp:854">
<![LOG[Update (Site_A70BBF1F-4768-4A41-AB5B-9ADBBBE009D0/SUM_89dd22e5-32f1-485b-a5b3-4bfb5b1a8706) added to the targeted list of deployment ({258F70CB-61C9-477F-AF99-A7BB5D92AFD4})]LOG]!><time="09:34:11.219+240" date="07-14-2021" component="UpdatesDeploymentAgent" context="" type="1" thread="3940" file="updatesmanager.cpp:854">
<![LOG[Update (Site_A70BBF1F-4768-4A41-AB5B-9ADBBBE009D0/SUM_e3b267da-2c82-45d1-a70a-32695a4a2c9d) added to the targeted list of deployment ({258F70CB-61C9-477F-AF99-A7BB5D92AFD4})]LOG]!><time="09:34:11.221+240" date="07-14-2021" component="UpdatesDeploymentAgent" context="" type="1" thread="3940" file="updatesmanager.cpp:854">
<![LOG[Update (Site_A70BBF1F-4768-4A41-AB5B-9ADBBBE009D0/SUM_11367b68-91e2-4efb-8e2e-abd9b063b689) added to the targeted list of deployment ({258F70CB-61C9-477F-AF99-A7BB5D92AFD4})]LOG]!><time="09:34:11.223+240" date="07-14-2021" component="UpdatesDeploymentAgent" context="" type="1" thread="3940" file="updatesmanager.cpp:854">
<![LOG[Update (Site_A70BBF1F-4768-4A41-AB5B-9ADBBBE009D0/SUM_f00da434-23d9-429f-ad31-1bbc6e7b076d) added to the targeted list of deployment ({258F70CB-61C9-477F-AF99-A7BB5D92AFD4})]LOG]!><time="09:34:11.225+240" date="07-14-2021" component="UpdatesDeploymentAgent" context="" type="1" thread="3940" file="updatesmanager.cpp:854">
<![LOG[Update (Site_A70BBF1F-4768-4A41-AB5B-9ADBBBE009D0/SUM_4b647633-7dac-443d-81b8-b590f2a6e7f6) added to the targeted list of deployment ({258F70CB-61C9-477F-AF99-A7BB5D92AFD4})]LOG]!><time="09:34:11.227+240" date="07-14-2021" component="UpdatesDeploymentAgent" context="" type="1" thread="3940" file="updatesmanager.cpp:854">
<![LOG[Update (Site_A70BBF1F-4768-4A41-AB5B-9ADBBBE009D0/SUM_04d7ef23-4f5f-48fb-bace-84b116741f7e) added to the targeted list of deployment ({258F70CB-61C9-477F-AF99-A7BB5D92AFD4})]LOG]!><time="09:34:11.229+240" date="07-14-2021" component="UpdatesDeploymentAgent" context="" type="1" thread="3940" file="updatesmanager.cpp:854">
<![LOG[Update (Site_A70BBF1F-4768-4A41-AB5B-9ADBBBE009D0/SUM_12dcb93c-7903-4b04-aa66-5ffc16156e15) added to the targeted list of deployment ({258F70CB-61C9-477F-AF99-A7BB5D92AFD4})]LOG]!><time="09:34:11.232+240" date="07-14-2021" component="UpdatesDeploymentAgent" context="" type="1" thread="3940" file="updatesmanager.cpp:854">
<![LOG[Update (Site_A70BBF1F-4768-4A41-AB5B-9ADBBBE009D0/SUM_d4662e29-3a78-46f0-8119-26810c71bcb4) added to the targeted list of deployment ({258F70CB-61C9-477F-AF99-A7BB5D92AFD4})]LOG]!><time="09:34:11.234+240" date="07-14-2021" component="UpdatesDeploymentAgent" context="" type="1" thread="3940" file="updatesmanager.cpp:854">
<![LOG[Update (Site_A70BBF1F-4768-4A41-AB5B-9ADBBBE009D0/SUM_e210a780-fadb-472d-9338-4d3723c0abc4) added to the targeted list of deployment ({258F70CB-61C9-477F-AF99-A7BB5D92AFD4})]LOG]!><time="09:34:11.235+240" date="07-14-2021" component="UpdatesDeploymentAgent" context="" type="1" thread="3940" file="updatesmanager.cpp:854">
<![LOG[Update (Site_A70BBF1F-4768-4A41-AB5B-9ADBBBE009D0/SUM_ba8ddbc3-c3ab-4162-bca2-fc160a87b1cb) added to the targeted list of deployment ({258F70CB-61C9-477F-AF99-A7BB5D92AFD4})]LOG]!><time="09:34:11.237+240" date="07-14-2021" component="UpdatesDeploymentAgent" context="" type="1" thread="3940" file="updatesmanager.cpp:854">
<![LOG[Unable to find CCM_PrePostActions.SiteSettingsKey=1.]LOG]!><time="09:34:11.241+240" date="07-14-2021" component="UpdatesDeploymentAgent" context="" type="1" thread="3940" file="Orchestration.cpp:34">
<![LOG[Orchestration lock is not required.]LOG]!><time="09:34:11.241+240" date="07-14-2021" component="UpdatesDeploymentAgent" context="" type="1" thread="3940" file="Orchestration.cpp:53">
<![LOG[Raised assignment (TopicID) ({258F70CB-61C9-477F-AF99-A7BB5D92AFD4}) state message successfully. TopicType = Evaluate, StateId = 2, StateName = ASSIGNMENT_EVALUATE_SUCCESS, StateCriticality = 0]LOG]!><time="09:34:11.289+240" date="07-14-2021" component="UpdatesDeploymentAgent" context="" type="1" thread="3940" file="updatesassignment.cpp:3635">
