<![LOG[CWuaHandler::SetCategoriesForStateReportingExclusion called with E0789628-CE08-4437-BE74-2495B842F43B;E0789628-CE08-4437-BE74-2495B842F43B,A38C835C-2950-4E87-86CC-6911A52C34A3; for leaves and E0789628-CE08-4437-BE74-2495B842F43B,A38C835C-2950-4E87-86CC-6911A52C34A3; for bundles]LOG]!><time="08:52:44.338+240" date="07-14-2021" component="WUAHandler" context="" type="1" thread="10472" file="cwuahandler.cpp:3276">
<![LOG[Its a WSUS Update Source type ({A70BBF1F-4768-4A41-AB5B-9ADBBBE009D0}), adding it.]LOG]!><time="08:53:25.263+240" date="07-14-2021" component="WUAHandler" context="" type="1" thread="10444" file="sourcemanager.cpp:1461">
<![LOG[SourceManager::GetIsWUfBEnabled - There is no Windows Update for Business settings assignment. Windows Update for Business is not enabled through ConfigMgr]LOG]!><time="08:53:25.375+240" date="07-14-2021" component="WUAHandler" context="" type="1" thread="864" file="sourcemanager.cpp:690">
<![LOG[Existing WUA Managed server was already set (https://SCCM01D.firm.saulewing.net:8531), skipping Group Policy registration.]LOG]!><time="08:53:25.468+240" date="07-14-2021" component="WUAHandler" context="" type="1" thread="10444" file="sourcemanager.cpp:1108">
<![LOG[Added Update Source ({A70BBF1F-4768-4A41-AB5B-9ADBBBE009D0}) of content type: 2]LOG]!><time="08:53:25.547+240" date="07-14-2021" component="WUAHandler" context="" type="1" thread="10444" file="sourcemanager.cpp:1494">
<![LOG[CWUAHandler - Scan(), old SupersedenceMode=0, new SupersedenceMode=1. Need update and save to SourceManager.]LOG]!><time="08:53:25.547+240" date="07-14-2021" component="WUAHandler" context="" type="1" thread="10444" file="cwuahandler.cpp:3341">
<![LOG[Modified Update Source ({A70BBF1F-4768-4A41-AB5B-9ADBBBE009D0}) to new SupersedenceMode: 1]LOG]!><time="08:53:25.591+240" date="07-14-2021" component="WUAHandler" context="" type="1" thread="10444" file="sourcemanager.cpp:1618">
<![LOG[Scan results will include all superseded updates.]LOG]!><time="08:53:25.927+240" date="07-14-2021" component="WUAHandler" context="" type="1" thread="10444" file="cwuahandler.cpp:3674">
<![LOG[Search Criteria is (DeploymentAction=* AND Type='Software') OR (DeploymentAction=* AND Type='Driver')]LOG]!><time="08:53:25.927+240" date="07-14-2021" component="WUAHandler" context="" type="1" thread="10444" file="cwuahandler.cpp:3677">
<![LOG[Async searching of updates using WUAgent started.]LOG]!><time="08:53:25.968+240" date="07-14-2021" component="WUAHandler" context="" type="1" thread="10444" file="cwuahandler.cpp:1004">
<![LOG[Async searching completed.]LOG]!><time="08:53:43.769+240" date="07-14-2021" component="WUAHandler" context="" type="1" thread="1816" file="cwuahandler.cpp:2810">
<![LOG[Successfully completed scan.]LOG]!><time="08:53:44.520+240" date="07-14-2021" component="WUAHandler" context="" type="1" thread="7308" file="cwuahandler.cpp:4317">
<![LOG[Its a WSUS Update Source type ({A70BBF1F-4768-4A41-AB5B-9ADBBBE009D0}), adding it.]LOG]!><time="08:57:41.544+240" date="07-14-2021" component="WUAHandler" context="" type="1" thread="3032" file="sourcemanager.cpp:1461">
<![LOG[SourceManager::GetIsWUfBEnabled - There is no Windows Update for Business settings assignment. Windows Update for Business is not enabled through ConfigMgr]LOG]!><time="08:57:41.563+240" date="07-14-2021" component="WUAHandler" context="" type="1" thread="9080" file="sourcemanager.cpp:690">
<![LOG[Existing WUA Managed server was already set (https://SCCM01D.firm.saulewing.net:8531), skipping Group Policy registration.]LOG]!><time="08:57:41.609+240" date="07-14-2021" component="WUAHandler" context="" type="1" thread="3032" file="sourcemanager.cpp:1108">
<![LOG[Added Update Source ({A70BBF1F-4768-4A41-AB5B-9ADBBBE009D0}) of content type: 2]LOG]!><time="08:57:41.620+240" date="07-14-2021" component="WUAHandler" context="" type="1" thread="3032" file="sourcemanager.cpp:1494">
<![LOG[Scan results will include all superseded updates.]LOG]!><time="08:57:41.678+240" date="07-14-2021" component="WUAHandler" context="" type="1" thread="3032" file="cwuahandler.cpp:3674">
<![LOG[Search Criteria is (DeploymentAction=* AND Type='Software') OR (DeploymentAction=* AND Type='Driver')]LOG]!><time="08:57:41.678+240" date="07-14-2021" component="WUAHandler" context="" type="1" thread="3032" file="cwuahandler.cpp:3677">
<![LOG[Async searching of updates using WUAgent started.]LOG]!><time="08:57:41.681+240" date="07-14-2021" component="WUAHandler" context="" type="1" thread="3032" file="cwuahandler.cpp:1004">
<![LOG[Async searching completed.]LOG]!><time="08:57:53.409+240" date="07-14-2021" component="WUAHandler" context="" type="1" thread="9596" file="cwuahandler.cpp:2810">
<![LOG[Successfully completed scan.]LOG]!><time="08:57:54.179+240" date="07-14-2021" component="WUAHandler" context="" type="1" thread="5060" file="cwuahandler.cpp:4317">
<![LOG[Scan results will include all superseded updates.]LOG]!><time="08:57:59.239+240" date="07-14-2021" component="WUAHandler" context="" type="1" thread="3032" file="cwuahandler.cpp:3674">
<![LOG[Search Criteria is ((DeploymentAction=* AND Type='Software' AND CategoryIDs contains 'A3C2375D-0C8A-42F9-BCE0-28333E198407') OR (DeploymentAction=* AND Type='Software' AND CategoryIDs contains '69010383-FF55-4227-BD6C-D91C26F2643B') OR (DeploymentAction=* AND Type='Software' AND CategoryIDs contains 'D2085B71-5F1F-43A9-880D-ED159016D5C6'))]LOG]!><time="08:57:59.239+240" date="07-14-2021" component="WUAHandler" context="" type="1" thread="3032" file="cwuahandler.cpp:3677">
<![LOG[Async searching of updates using WUAgent started.]LOG]!><time="08:57:59.241+240" date="07-14-2021" component="WUAHandler" context="" type="1" thread="3032" file="cwuahandler.cpp:1004">
<![LOG[Async searching completed.]LOG]!><time="08:58:00.723+240" date="07-14-2021" component="WUAHandler" context="" type="1" thread="6944" file="cwuahandler.cpp:2810">
<![LOG[Successfully completed scan.]LOG]!><time="08:58:01.399+240" date="07-14-2021" component="WUAHandler" context="" type="1" thread="3032" file="cwuahandler.cpp:4317">
